<?xml version="1.0" encoding="UTF-8"?>
<testng-results skipped="0" failed="0" ignored="0" total="1" passed="1">
  <reporter-output>
  </reporter-output>
  <suite name="Suite" duration-ms="10900" started-at="2022-01-06T17:26:11Z" finished-at="2022-01-06T17:26:22Z">
    <groups>
    </groups>
    <test name="Test" duration-ms="10900" started-at="2022-01-06T17:26:11Z" finished-at="2022-01-06T17:26:22Z">
      <class name="org.test.Employee">
        <test-method status="PASS" signature="test1(java.lang.String)[pri:0, instance:org.test.Employee@25bbe1b6]" name="test1" duration-ms="10842" started-at="2022-01-06T17:26:11Z" finished-at="2022-01-06T17:26:22Z">
          <params>
            <param index="0">
              <value>
                <![CDATA[chrome]]>
              </value>
            </param>
          </params>
          <reporter-output>
          </reporter-output>
        </test-method> <!-- test1 -->
      </class> <!-- org.test.Employee -->
    </test> <!-- Test -->
  </suite> <!-- Suite -->
</testng-results>
